C51 COMPILER V9.01   DISPLAY                                                               02/08/2019 12:28:33 PAGE 1   


C51 COMPILER V9.01, COMPILATION OF MODULE DISPLAY
OBJECT MODULE PLACED IN display.OBJ
COMPILER INVOKED BY: C:\Program Files\C51\BIN\C51.EXE display.c BROWSE DEBUG OBJECTEXTEND

line level    source

   1          #define MAIN_Fosc               22118400L       //定义主时钟
   2          
   3          #include        "STC15Fxxxx.H"
   4          #define DIS_DOT         0x20
   5          #define DIS_BLACK       0x10
   6          #define DIS_            0x11
   7          extern u8       LED8[8];                //显示缓冲
   8          extern u8       month,day,hour,minute,second;   //RTC变量
   9          extern u16 year;
  10          extern u8  curr_input;
  11          extern u8  key[];
  12          /**********************************************/
  13          void    Display(u8 curr_show);
  14          void    DisplayTime(void);
  15          void    DisplayDate(void);
  16          void    DisplayTemp(void);
  17          void    DisplayKey(void);
  18          void    DisplayNewKey(void);
  19          void    reKey(void);
  20          u16             get_temperature(u16 adc);
  21          u16             Get_ADC10bitResult(u8 channel); //channel = 0~7
  22          
  23          
  24          void Display(u8 curr_show){
  25   1              
  26   1              if(curr_show == 3){
  27   2                      DisplayKey();
  28   2              }
  29   1              else if(curr_show == 4){
  30   2                      DisplayNewKey();
  31   2              }
  32   1              else{
  33   2                      reKey();
  34   2                      if(curr_show == 0){
  35   3                              DisplayTime();
  36   3                      }
  37   2                      else if(curr_show == 1){
  38   3                              DisplayDate();
  39   3                      }
  40   2                      else if(curr_show == 2){
  41   3                              DisplayTemp();
  42   3                      }
  43   2              }
  44   1              
  45   1      }
  46          
  47          /********************** 显示时钟函数 ************************/
  48          void    DisplayTime(void)
  49          {
  50   1              if(hour >= 10)  LED8[0] = hour / 10;
  51   1              else                    LED8[0] = DIS_BLACK;
  52   1              LED8[1] = hour % 10;
  53   1              LED8[2] = DIS_;
  54   1              LED8[3] = minute / 10;
  55   1              LED8[4] = minute % 10;
C51 COMPILER V9.01   DISPLAY                                                               02/08/2019 12:28:33 PAGE 2   

  56   1              LED8[5] = DIS_;
  57   1              LED8[6] = second / 10;
  58   1              LED8[7] = second % 10;  
  59   1      
  60   1      }
  61          
  62          void    DisplayDate(void)
  63          {
  64   1              LED8[0] = year / 1000;
  65   1              LED8[1] = year % 1000 / 100;
  66   1              LED8[2] = year % 100 / 10;
  67   1              LED8[3] = year % 10;
  68   1              LED8[4] = month / 10;
  69   1              LED8[5] = month % 10;
  70   1              LED8[6] = day / 10;
  71   1              LED8[7] = day % 10;
  72   1      }
  73          
  74          void    DisplayTemp(void)
  75          {
  76   1              u8 i;
  77   1              u16 j;
  78   1      
  79   1              j = Get_ADC10bitResult(2);      //参数0~7,查询方式做一次ADC, 返回值就是结果, == 1024 为错误
  80   1                                      
  81   1              if(j < 1024)
  82   1              {
  83   2                      LED8[0] = j / 1000;             //显示ADC值
  84   2                      LED8[1] = (j % 1000) / 100;
  85   2                      LED8[2] = (j % 100) / 10;
  86   2                      LED8[3] = j % 10;
  87   2                      if(LED8[0] == 0)        LED8[0] = DIS_BLACK;
  88   2              }
  89   1              else    //错误
  90   1              {
  91   2                      for(i=0; i<4; i++)      LED8[i] = DIS_;
  92   2              }
  93   1      
  94   1              j = Get_ADC10bitResult(3);      //参数0~7,查询方式做一次ADC, 返回值就是结果, == 1024 为错误
  95   1              j += Get_ADC10bitResult(3);
  96   1              j += Get_ADC10bitResult(3);
  97   1              j += Get_ADC10bitResult(3);
  98   1      
  99   1              if(j < 1024*4)
 100   1              {
 101   2                      j =     get_temperature(j);     //计算温度值
 102   2      
 103   2                      if(j >= 150)    F0 = 0, j -= 150;               //温度 >= 0度
 104   2                      else                    F0 = 1, j  = 150 - j;   //温度 <  0度
 105   2                      LED8[4] = j / 1000;             //显示温度值
 106   2                      LED8[5] = (j % 1000) / 100;
 107   2                      LED8[6] = (j % 100) / 10 + DIS_DOT;
 108   2                      LED8[7] = j % 10;
 109   2                      if(LED8[4] == 0)        LED8[4] = DIS_BLACK;
 110   2      
 111   2              }
 112   1      }
 113          
 114          void DisplayKey(void){
 115   1              u8 i;
 116   1              LED8[0] = DIS_BLACK;
 117   1              LED8[1] = DIS_BLACK;
C51 COMPILER V9.01   DISPLAY                                                               02/08/2019 12:28:33 PAGE 3   

 118   1              LED8[2] = DIS_BLACK;
 119   1              LED8[3] = DIS_BLACK;
 120   1              
 121   1              for(i = 4; i < curr_input + 4; ++i) LED8[i] = key[i-4];
 122   1              for(i = curr_input + 4; i < 8; ++i) LED8[i] = DIS_;
 123   1      }
 124          
 125          void    DisplayNewKey(void){
 126   1              u8 i;
 127   1              for(i = 4; i < curr_input; ++i) LED8[i] = key[i];
 128   1              for(i = curr_input; i < 8; ++i) LED8[i] = DIS_;
 129   1      }


MODULE INFORMATION:   STATIC OVERLAYABLE
   CODE SIZE        =    651    ----
   CONSTANT SIZE    =   ----    ----
   XDATA SIZE       =   ----    ----
   PDATA SIZE       =   ----    ----
   DATA SIZE        =   ----       3
   IDATA SIZE       =   ----    ----
   BIT SIZE         =   ----    ----
END OF MODULE INFORMATION.


C51 COMPILATION COMPLETE.  0 WARNING(S),  0 ERROR(S)
