C51 COMPILER V9.01   TIME                                                                  02/08/2019 12:28:33 PAGE 1   


C51 COMPILER V9.01, COMPILATION OF MODULE TIME
OBJECT MODULE PLACED IN time.OBJ
COMPILER INVOKED BY: C:\Program Files\C51\BIN\C51.EXE time.c BROWSE DEBUG OBJECTEXTEND

line level    source

   1          #define MAIN_Fosc               22118400L       //定义主时钟
   2          
   3          #include        "STC15Fxxxx.H"
   4          
   5          void    ReadRTC(void);
   6          
   7          extern u8 second, minute, hour; 
   8          void    ReadNbyte( u8 addr, u8 *p, u8 number);
   9          void    WriteNbyte(u8 addr, u8 *p, u8 number);
  10          
  11          #define SLAW    0xA2
  12          #define SLAR    0xA3
  13          
  14          sbit    SDA     = P1^1; //定义SDA  PIN5
  15          sbit    SCL     = P1^0; //定义SCL  PIN6
  16          
  17          
  18          /********************** 读RTC函数 ************************/
  19          void    ReadRTC(void)
  20          {
  21   1              u8      tmp[3];
  22   1      
  23   1              ReadNbyte(2, tmp, 3);
  24   1              second = ((tmp[0] >> 4) & 0x07) * 10 + (tmp[0] & 0x0f);
  25   1              minute = ((tmp[1] >> 4) & 0x07) * 10 + (tmp[1] & 0x0f);
  26   1              hour   = ((tmp[2] >> 4) & 0x03) * 10 + (tmp[2] & 0x0f);
  27   1      }
  28          
  29          /********************** 写RTC函数 ************************/
  30          void    WriteRTC(void){
  31   1              u8      tmp[3];
  32   1              tmp[0] = ((second / 10) << 4) + (second % 10);
  33   1              tmp[1] = ((minute / 10) << 4) + (minute % 10);
  34   1              tmp[2] = ((hour / 10) << 4) + (hour % 10);
  35   1              WriteNbyte(2, tmp, 3);
  36   1      }
  37          
  38          
  39          /****************************/
  40          void    I2C_Delay(void) //for normal MCS51,     delay (2 * dly + 4) T, for STC12Cxxxx delay (4 * dly + 10) T
  41          {
  42   1              u8      dly;
  43   1              dly = MAIN_Fosc / 2000000UL;            //按2us计算
  44   1              while(--dly)    ;
  45   1      }
  46          
  47          /****************************/
  48          void I2C_Start(void)               //start the I2C, SDA High-to-low when SCL is high
  49          {
  50   1              SDA = 1;
  51   1              I2C_Delay();
  52   1              SCL = 1;
  53   1              I2C_Delay();
  54   1              SDA = 0;
  55   1              I2C_Delay();
C51 COMPILER V9.01   TIME                                                                  02/08/2019 12:28:33 PAGE 2   

  56   1              SCL = 0;
  57   1              I2C_Delay();
  58   1      }               
  59          
  60          
  61          void I2C_Stop(void)                                     //STOP the I2C, SDA Low-to-high when SCL is high
  62          {
  63   1              SDA = 0;
  64   1              I2C_Delay();
  65   1              SCL = 1;
  66   1              I2C_Delay();
  67   1              SDA = 1;
  68   1              I2C_Delay();
  69   1      }
  70          
  71          void S_ACK(void)              //Send ACK (LOW)
  72          {
  73   1              SDA = 0;
  74   1              I2C_Delay();
  75   1              SCL = 1;
  76   1              I2C_Delay();
  77   1              SCL = 0;
  78   1              I2C_Delay();
  79   1      }
  80          
  81          void S_NoACK(void)           //Send No ACK (High)
  82          {
  83   1              SDA = 1;
  84   1              I2C_Delay();
  85   1              SCL = 1;
  86   1              I2C_Delay();
  87   1              SCL = 0;
  88   1              I2C_Delay();
  89   1      }
  90                          
  91          void I2C_Check_ACK(void)         //Check ACK, If F0=0, then right, if F0=1, then error
  92          {
  93   1              SDA = 1;
  94   1              I2C_Delay();
  95   1              SCL = 1;
  96   1              I2C_Delay();
  97   1              F0  = SDA;
  98   1              SCL = 0;
  99   1              I2C_Delay();
 100   1      }
 101          
 102          /****************************/
 103          void I2C_WriteAbyte(u8 dat)             //write a byte to I2C
 104          {
 105   1              u8 i;
 106   1              i = 8;
 107   1              do
 108   1              {
 109   2                      if(dat & 0x80)  SDA = 1;
 110   2                      else                    SDA     = 0;
 111   2                      dat <<= 1;
 112   2                      I2C_Delay();
 113   2                      SCL = 1;
 114   2                      I2C_Delay();
 115   2                      SCL = 0;
 116   2                      I2C_Delay();
 117   2              }
C51 COMPILER V9.01   TIME                                                                  02/08/2019 12:28:33 PAGE 3   

 118   1              while(--i);
 119   1      }
 120          
 121          /****************************/
 122          u8 I2C_ReadAbyte(void)                  //read A byte from I2C
 123          {
 124   1              u8 i,dat;
 125   1              i = 8;
 126   1              SDA = 1;
 127   1              do
 128   1              {
 129   2                      SCL = 1;
 130   2                      I2C_Delay();
 131   2                      dat <<= 1;
 132   2                      if(SDA)         dat++;
 133   2                      SCL  = 0;
 134   2                      I2C_Delay();
 135   2              }
 136   1              while(--i);
 137   1              return(dat);
 138   1      }
 139          
 140          /****************************/
 141          void WriteNbyte(u8 addr, u8 *p, u8 number)                      /*      WordAddress,First Data Address,Byte lenth       */
 142                                                                                                          //F0=0,right, F0=1,error
 143          {
 144   1              I2C_Start();
 145   1              I2C_WriteAbyte(SLAW);
 146   1              I2C_Check_ACK();
 147   1              if(!F0)
 148   1              {
 149   2                      I2C_WriteAbyte(addr);
 150   2                      I2C_Check_ACK();
 151   2                      if(!F0)
 152   2                      {
 153   3                              do
 154   3                              {
 155   4                                      I2C_WriteAbyte(*p);             p++;
 156   4                                      I2C_Check_ACK();
 157   4                                      if(F0)  break;
 158   4                              }
 159   3                              while(--number);
 160   3                      }
 161   2              }
 162   1              I2C_Stop();
 163   1      }
 164          
 165          
 166          /****************************/
 167          void ReadNbyte(u8 addr, u8 *p, u8 number)               /*      WordAddress,First Data Address,Byte lenth       */
 168          {
 169   1              I2C_Start();
 170   1              I2C_WriteAbyte(SLAW);
 171   1              I2C_Check_ACK();
 172   1              if(!F0)
 173   1              {
 174   2                      I2C_WriteAbyte(addr);
 175   2                      I2C_Check_ACK();
 176   2                      if(!F0)
 177   2                      {
 178   3                              I2C_Start();
 179   3                              I2C_WriteAbyte(SLAR);
C51 COMPILER V9.01   TIME                                                                  02/08/2019 12:28:33 PAGE 4   

 180   3                              I2C_Check_ACK();
 181   3                              if(!F0)
 182   3                              {
 183   4                                      do
 184   4                                      {
 185   5                                              *p = I2C_ReadAbyte();   p++;
 186   5                                              if(number != 1)         S_ACK();        //send ACK
 187   5                                      }
 188   4                                      while(--number);
 189   4                                      S_NoACK();                      //send no ACK
 190   4                              }
 191   3                      }
 192   2              }
 193   1              I2C_Stop();
 194   1      }
 195          
 196          


MODULE INFORMATION:   STATIC OVERLAYABLE
   CODE SIZE        =    380    ----
   CONSTANT SIZE    =   ----    ----
   XDATA SIZE       =   ----    ----
   PDATA SIZE       =   ----    ----
   DATA SIZE        =   ----      16
   IDATA SIZE       =   ----    ----
   BIT SIZE         =   ----    ----
END OF MODULE INFORMATION.


C51 COMPILATION COMPLETE.  0 WARNING(S),  0 ERROR(S)
